<?xml version="1.0" encoding="UTF-8"?>
<testng-results skipped="0" failed="0" ignored="0" total="1" passed="1">
  <reporter-output>
  </reporter-output>
  <suite name="SUNNET_IOTA_Automation" duration-ms="578932" started-at="2019-10-24T16:07:32Z" finished-at="2019-10-24T16:17:11Z">
    <groups>
    </groups>
    <test name="SUNNET_IOTA_Automation" duration-ms="578932" started-at="2019-10-24T16:07:32Z" finished-at="2019-10-24T16:17:11Z">
      <class name="com.sunnet.Test.TC_TransmisssionRequest">
        <test-method status="PASS" signature="setup(org.testng.ITestContext)[pri:0, instance:[TC_TransmisssionRequest passed=0 failed=0 skipped=0]]" name="setup" is-config="true" duration-ms="2" started-at="2019-10-24T16:07:32Z" finished-at="2019-10-24T16:07:32Z">
          <params>
            <param index="0">
              <value>
                <![CDATA[org.testng.TestRunner@7d3a22a9]]>
              </value>
            </param>
          </params>
          <reporter-output>
          </reporter-output>
        </test-method> <!-- setup -->
        <test-method status="PASS" signature="getBrowserType(java.lang.String)[pri:0, instance:[TC_TransmisssionRequest passed=0 failed=0 skipped=0]]" name="getBrowserType" is-config="true" duration-ms="1" started-at="2019-10-24T16:07:32Z" finished-at="2019-10-24T16:07:32Z">
          <params>
            <param index="0">
              <value>
                <![CDATA[Firefox]]>
              </value>
            </param>
          </params>
          <reporter-output>
          </reporter-output>
        </test-method> <!-- getBrowserType -->
        <test-method status="PASS" signature="beforeMethod(java.lang.reflect.Method)[pri:0, instance:[TC_TransmisssionRequest passed=0 failed=0 skipped=0]]" name="beforeMethod" is-config="true" duration-ms="286" started-at="2019-10-24T16:07:32Z" finished-at="2019-10-24T16:07:32Z">
          <params>
            <param index="0">
              <value>
                <![CDATA[public void com.sunnet.Test.TC_TransmisssionRequest.transmissionType() throws java.lang.Exception]]>
              </value>
            </param>
          </params>
          <reporter-output>
          </reporter-output>
        </test-method> <!-- beforeMethod -->
        <test-method status="PASS" signature="getBrowser(java.lang.String, java.lang.String, java.lang.String, java.lang.String, java.lang.String)[pri:0, instance:[TC_TransmisssionRequest passed=0 failed=0 skipped=0]]" name="getBrowser" is-config="true" duration-ms="18168" started-at="2019-10-24T16:07:32Z" finished-at="2019-10-24T16:07:50Z">
          <params>
            <param index="0">
              <value>
                <![CDATA[Firefox]]>
              </value>
            </param>
            <param index="1">
              <value>
                <![CDATA[Firefox]]>
              </value>
            </param>
            <param index="2">
              <value>
                <![CDATA[74]]>
              </value>
            </param>
            <param index="3">
              <value>
                <![CDATA[Windows]]>
              </value>
            </param>
            <param index="4">
              <value>
                <![CDATA[10]]>
              </value>
            </param>
          </params>
          <reporter-output>
          </reporter-output>
        </test-method> <!-- getBrowser -->
        <test-method status="PASS" signature="transmissionType()[pri:0, instance:[TC_TransmisssionRequest passed=0 failed=0 skipped=0]]" name="transmissionType" duration-ms="558875" started-at="2019-10-24T16:07:50Z" finished-at="2019-10-24T16:17:09Z">
          <reporter-output>
          </reporter-output>
        </test-method> <!-- transmissionType -->
        <test-method status="PASS" signature="closeAllDriver()[pri:0, instance:[TC_TransmisssionRequest passed=0 failed=0 skipped=0]]" name="closeAllDriver" is-config="true" duration-ms="1267" started-at="2019-10-24T16:17:09Z" finished-at="2019-10-24T16:17:10Z">
          <reporter-output>
          </reporter-output>
        </test-method> <!-- closeAllDriver -->
        <test-method status="PASS" signature="afterMethod(org.testng.ITestResult)[pri:0, instance:[TC_TransmisssionRequest passed=0 failed=0 skipped=0]]" name="afterMethod" is-config="true" duration-ms="330" started-at="2019-10-24T16:17:10Z" finished-at="2019-10-24T16:17:11Z">
          <params>
            <param index="0">
              <value>
                <![CDATA[[TestResult name=transmissionType on [TC_TransmisssionRequest passed=0 failed=0 skipped=0] status=SUCCESS method=TC_TransmisssionRequest.transmissionType()[pri:0, instance:[TC_TransmisssionRequest passed=0 failed=0 skipped=0]] output={null}]]]>
              </value>
            </param>
          </params>
          <reporter-output>
          </reporter-output>
        </test-method> <!-- afterMethod -->
        <test-method status="FAIL" signature="afterSuite()[pri:0, instance:[TC_TransmisssionRequest passed=0 failed=0 skipped=0]]" name="afterSuite" is-config="true" duration-ms="0" started-at="2019-10-24T16:17:11Z" finished-at="2019-10-24T16:17:11Z">
          <exception class="java.lang.NullPointerException">
            <full-stacktrace>
              <![CDATA[java.lang.NullPointerException
at com.sunnet.GenericLib.Extent_Reports.afterSuite(Extent_Reports.java:174)
at sun.reflect.NativeMethodAccessorImpl.invoke0(Native Method)
at sun.reflect.NativeMethodAccessorImpl.invoke(NativeMethodAccessorImpl.java:62)
at sun.reflect.DelegatingMethodAccessorImpl.invoke(DelegatingMethodAccessorImpl.java:43)
at java.lang.reflect.Method.invoke(Method.java:498)
at org.testng.internal.MethodInvocationHelper.invokeMethod(MethodInvocationHelper.java:124)
at org.testng.internal.MethodInvocationHelper.invokeMethodConsideringTimeout(MethodInvocationHelper.java:59)
at org.testng.internal.Invoker.invokeConfigurationMethod(Invoker.java:458)
at org.testng.internal.Invoker.invokeConfigurations(Invoker.java:222)
at org.testng.internal.Invoker.invokeConfigurations(Invoker.java:142)
at org.testng.SuiteRunner.privateRun(SuiteRunner.java:425)
at org.testng.SuiteRunner.run(SuiteRunner.java:364)
at org.testng.SuiteRunnerWorker.runSuite(SuiteRunnerWorker.java:52)
at org.testng.SuiteRunnerWorker.run(SuiteRunnerWorker.java:84)
at org.testng.TestNG.runSuitesSequentially(TestNG.java:1208)
at org.testng.TestNG.runSuitesLocally(TestNG.java:1137)
at org.testng.TestNG.runSuites(TestNG.java:1049)
at org.testng.TestNG.run(TestNG.java:1017)
at com.sunnet.TestRunner.TestRunner.tRun(TestRunner.java:206)
at sun.reflect.NativeMethodAccessorImpl.invoke0(Native Method)
at sun.reflect.NativeMethodAccessorImpl.invoke(NativeMethodAccessorImpl.java:62)
at sun.reflect.DelegatingMethodAccessorImpl.invoke(DelegatingMethodAccessorImpl.java:43)
at java.lang.reflect.Method.invoke(Method.java:498)
at org.testng.internal.MethodInvocationHelper.invokeMethod(MethodInvocationHelper.java:124)
at org.testng.internal.Invoker.invokeMethod(Invoker.java:583)
at org.testng.internal.Invoker.invokeTestMethod(Invoker.java:719)
at org.testng.internal.Invoker.invokeTestMethods(Invoker.java:989)
at org.testng.internal.TestMethodWorker.invokeTestMethods(TestMethodWorker.java:125)
at org.testng.internal.TestMethodWorker.run(TestMethodWorker.java:109)
at org.testng.TestRunner.privateRun(TestRunner.java:648)
at org.testng.TestRunner.run(TestRunner.java:505)
at org.testng.SuiteRunner.runTest(SuiteRunner.java:455)
at org.testng.SuiteRunner.runSequentially(SuiteRunner.java:450)
at org.testng.SuiteRunner.privateRun(SuiteRunner.java:415)
at org.testng.SuiteRunner.run(SuiteRunner.java:364)
at org.testng.SuiteRunnerWorker.runSuite(SuiteRunnerWorker.java:52)
at org.testng.SuiteRunnerWorker.run(SuiteRunnerWorker.java:84)
at org.testng.TestNG.runSuitesSequentially(TestNG.java:1208)
at org.testng.TestNG.runSuitesLocally(TestNG.java:1137)
at org.testng.TestNG.runSuites(TestNG.java:1049)
at org.testng.TestNG.run(TestNG.java:1017)
at org.apache.maven.surefire.testng.TestNGExecutor.run(TestNGExecutor.java:283)
at org.apache.maven.surefire.testng.TestNGXmlTestSuite.execute(TestNGXmlTestSuite.java:75)
at org.apache.maven.surefire.testng.TestNGProvider.invoke(TestNGProvider.java:120)
at org.apache.maven.surefire.booter.ForkedBooter.invokeProviderInSameClassLoader(ForkedBooter.java:379)
at org.apache.maven.surefire.booter.ForkedBooter.runSuitesInProcess(ForkedBooter.java:340)
at org.apache.maven.surefire.booter.ForkedBooter.execute(ForkedBooter.java:125)
at org.apache.maven.surefire.booter.ForkedBooter.main(ForkedBooter.java:413)
]]>
            </full-stacktrace>
          </exception> <!-- java.lang.NullPointerException -->
          <reporter-output>
          </reporter-output>
        </test-method> <!-- afterSuite -->
      </class> <!-- com.sunnet.Test.TC_TransmisssionRequest -->
    </test> <!-- SUNNET_IOTA_Automation -->
  </suite> <!-- SUNNET_IOTA_Automation -->
</testng-results>
